<?xml version="1.0" encoding="UTF-8"?>
<!-- Generated by org.testng.reporters.JUnitXMLReporter -->
<testsuite ignored="0" hostname="TEO-ShahzebShah" failures="0" tests="7" name="Default test" time="206.622" errors="0" timestamp="2025-10-21T14:38:41 PKT">
  <testcase classname="shahtest_web.WebTest.tests.AppTest" name="logInTest" time="8.62"/>
  <testcase classname="shahtest_web.WebTest.tests.AppTest" name="measurementTest" time="83.37"/>
  <testcase classname="shahtest_web.WebTest.tests.AppTest" name="instrumentTest" time="11.505"/>
  <testcase classname="shahtest_web.WebTest.tests.AppTest" name="addInstrumentTest" time="15.608"/>
  <testcase classname="shahtest_web.WebTest.tests.AppTest" name="userTest" time="16.757"/>
  <testcase classname="shahtest_web.WebTest.tests.AppTest" name="organizationTest" time="8.29"/>
  <testcase classname="shahtest_web.WebTest.tests.AppTest" name="addOrganizationTest" time="6.213"/>
</testsuite> <!-- Default test -->
