<?xml version="1.0" encoding="UTF-8"?>
<testng-results ignored="0" total="8" passed="8" failed="0" skipped="0">
  <reporter-output>
  </reporter-output>
  <suite started-at="2025-10-22T12:17:15 PKT" name="Default suite" finished-at="2025-10-22T12:21:53 PKT" duration-ms="277726">
    <groups>
    </groups>
    <test started-at="2025-10-22T12:17:15 PKT" name="Default test" finished-at="2025-10-22T12:21:53 PKT" duration-ms="277726">
      <class name="shahtest_web.WebTest.tests.AppTest">
        <test-method is-config="true" signature="setup()[pri:0, instance:shahtest_web.WebTest.tests.AppTest@682b2fa]" started-at="2025-10-22T12:17:15 PKT" name="setup" finished-at="2025-10-22T12:19:03 PKT" duration-ms="107943" status="PASS">
          <reporter-output>
          </reporter-output>
        </test-method> <!-- setup -->
        <test-method signature="logInTest()[pri:1, instance:shahtest_web.WebTest.tests.AppTest@682b2fa]" started-at="2025-10-22T12:19:03 PKT" name="logInTest" finished-at="2025-10-22T12:20:30 PKT" duration-ms="86886" status="PASS">
          <reporter-output>
          </reporter-output>
        </test-method> <!-- logInTest -->
        <test-method signature="measurementTest()[pri:2, instance:shahtest_web.WebTest.tests.AppTest@682b2fa]" started-at="2025-10-22T12:20:30 PKT" name="measurementTest" finished-at="2025-10-22T12:20:41 PKT" depends-on-methods="shahtest_web.WebTest.tests.AppTest.logInTest" duration-ms="10937" status="PASS">
          <reporter-output>
          </reporter-output>
        </test-method> <!-- measurementTest -->
        <test-method signature="instrumentTest()[pri:3, instance:shahtest_web.WebTest.tests.AppTest@682b2fa]" started-at="2025-10-22T12:20:41 PKT" name="instrumentTest" finished-at="2025-10-22T12:20:53 PKT" depends-on-methods="shahtest_web.WebTest.tests.AppTest.logInTest" duration-ms="11584" status="PASS">
          <reporter-output>
          </reporter-output>
        </test-method> <!-- instrumentTest -->
        <test-method signature="addInstrumentTest()[pri:4, instance:shahtest_web.WebTest.tests.AppTest@682b2fa]" started-at="2025-10-22T12:20:53 PKT" name="addInstrumentTest" finished-at="2025-10-22T12:20:58 PKT" depends-on-methods="shahtest_web.WebTest.tests.AppTest.logInTest" duration-ms="5550" status="PASS">
          <reporter-output>
          </reporter-output>
        </test-method> <!-- addInstrumentTest -->
        <test-method signature="userTest()[pri:5, instance:shahtest_web.WebTest.tests.AppTest@682b2fa]" started-at="2025-10-22T12:20:58 PKT" name="userTest" finished-at="2025-10-22T12:21:11 PKT" depends-on-methods="shahtest_web.WebTest.tests.AppTest.logInTest" duration-ms="12995" status="PASS">
          <reporter-output>
          </reporter-output>
        </test-method> <!-- userTest -->
        <test-method signature="organizationTest()[pri:6, instance:shahtest_web.WebTest.tests.AppTest@682b2fa]" started-at="2025-10-22T12:21:11 PKT" name="organizationTest" finished-at="2025-10-22T12:21:19 PKT" depends-on-methods="shahtest_web.WebTest.tests.AppTest.logInTest" duration-ms="8132" status="PASS">
          <reporter-output>
          </reporter-output>
        </test-method> <!-- organizationTest -->
        <test-method signature="addOrganizationTest()[pri:7, instance:shahtest_web.WebTest.tests.AppTest@682b2fa]" started-at="2025-10-22T12:21:19 PKT" name="addOrganizationTest" finished-at="2025-10-22T12:21:25 PKT" depends-on-methods="shahtest_web.WebTest.tests.AppTest.logInTest" duration-ms="5727" status="PASS">
          <reporter-output>
          </reporter-output>
        </test-method> <!-- addOrganizationTest -->
        <test-method signature="invalidLoginTest()[pri:8, instance:shahtest_web.WebTest.tests.AppTest@682b2fa]" started-at="2025-10-22T12:21:25 PKT" name="invalidLoginTest" finished-at="2025-10-22T12:21:53 PKT" depends-on-methods="shahtest_web.WebTest.tests.AppTest.logInTest" duration-ms="27681" status="PASS">
          <reporter-output>
          </reporter-output>
        </test-method> <!-- invalidLoginTest -->
        <test-method is-config="true" signature="tearDown()[pri:0, instance:shahtest_web.WebTest.tests.AppTest@682b2fa]" started-at="2025-10-22T12:21:53 PKT" name="tearDown" finished-at="2025-10-22T12:21:53 PKT" duration-ms="210" status="PASS">
          <reporter-output>
          </reporter-output>
        </test-method> <!-- tearDown -->
      </class> <!-- shahtest_web.WebTest.tests.AppTest -->
    </test> <!-- Default test -->
  </suite> <!-- Default suite -->
</testng-results>
