<?xml version="1.0" encoding="UTF-8"?>
<testng-results ignored="0" total="7" passed="7" failed="0" skipped="0">
  <reporter-output>
  </reporter-output>
  <suite started-at="2025-10-21T14:35:14 PKT" name="Default suite" finished-at="2025-10-21T14:38:41 PKT" duration-ms="206622">
    <groups>
    </groups>
    <test started-at="2025-10-21T14:35:14 PKT" name="Default test" finished-at="2025-10-21T14:38:41 PKT" duration-ms="206622">
      <class name="shahtest_web.WebTest.tests.AppTest">
        <test-method is-config="true" signature="setup()[pri:0, instance:shahtest_web.WebTest.tests.AppTest@139982de]" started-at="2025-10-21T14:35:14 PKT" name="setup" finished-at="2025-10-21T14:36:10 PKT" duration-ms="55964" status="PASS">
          <reporter-output>
          </reporter-output>
        </test-method> <!-- setup -->
        <test-method signature="logInTest()[pri:1, instance:shahtest_web.WebTest.tests.AppTest@139982de]" started-at="2025-10-21T14:36:10 PKT" name="logInTest" finished-at="2025-10-21T14:36:19 PKT" duration-ms="8620" status="PASS">
          <reporter-output>
          </reporter-output>
        </test-method> <!-- logInTest -->
        <test-method signature="measurementTest()[pri:2, instance:shahtest_web.WebTest.tests.AppTest@139982de]" started-at="2025-10-21T14:36:19 PKT" name="measurementTest" finished-at="2025-10-21T14:37:42 PKT" depends-on-methods="shahtest_web.WebTest.tests.AppTest.logInTest" duration-ms="83370" status="PASS">
          <reporter-output>
          </reporter-output>
        </test-method> <!-- measurementTest -->
        <test-method signature="instrumentTest()[pri:3, instance:shahtest_web.WebTest.tests.AppTest@139982de]" started-at="2025-10-21T14:37:42 PKT" name="instrumentTest" finished-at="2025-10-21T14:37:54 PKT" depends-on-methods="shahtest_web.WebTest.tests.AppTest.logInTest" duration-ms="11505" status="PASS">
          <reporter-output>
          </reporter-output>
        </test-method> <!-- instrumentTest -->
        <test-method signature="addInstrumentTest()[pri:4, instance:shahtest_web.WebTest.tests.AppTest@139982de]" started-at="2025-10-21T14:37:54 PKT" name="addInstrumentTest" finished-at="2025-10-21T14:38:09 PKT" depends-on-methods="shahtest_web.WebTest.tests.AppTest.logInTest" duration-ms="15608" status="PASS">
          <reporter-output>
          </reporter-output>
        </test-method> <!-- addInstrumentTest -->
        <test-method signature="userTest()[pri:5, instance:shahtest_web.WebTest.tests.AppTest@139982de]" started-at="2025-10-21T14:38:09 PKT" name="userTest" finished-at="2025-10-21T14:38:26 PKT" depends-on-methods="shahtest_web.WebTest.tests.AppTest.logInTest" duration-ms="16757" status="PASS">
          <reporter-output>
          </reporter-output>
        </test-method> <!-- userTest -->
        <test-method signature="organizationTest()[pri:6, instance:shahtest_web.WebTest.tests.AppTest@139982de]" started-at="2025-10-21T14:38:26 PKT" name="organizationTest" finished-at="2025-10-21T14:38:34 PKT" depends-on-methods="shahtest_web.WebTest.tests.AppTest.logInTest" duration-ms="8290" status="PASS">
          <reporter-output>
          </reporter-output>
        </test-method> <!-- organizationTest -->
        <test-method signature="addOrganizationTest()[pri:7, instance:shahtest_web.WebTest.tests.AppTest@139982de]" started-at="2025-10-21T14:38:34 PKT" name="addOrganizationTest" finished-at="2025-10-21T14:38:41 PKT" depends-on-methods="shahtest_web.WebTest.tests.AppTest.logInTest" duration-ms="6213" status="PASS">
          <reporter-output>
          </reporter-output>
        </test-method> <!-- addOrganizationTest -->
        <test-method is-config="true" signature="tearDown()[pri:0, instance:shahtest_web.WebTest.tests.AppTest@139982de]" started-at="2025-10-21T14:38:41 PKT" name="tearDown" finished-at="2025-10-21T14:38:41 PKT" duration-ms="200" status="PASS">
          <reporter-output>
          </reporter-output>
        </test-method> <!-- tearDown -->
      </class> <!-- shahtest_web.WebTest.tests.AppTest -->
    </test> <!-- Default test -->
  </suite> <!-- Default suite -->
</testng-results>
